<?xml version="1.0" encoding="UTF-8"?>
<!-- Generated by org.testng.reporters.JUnitReportReporter -->
<testsuite hostname="madhubabus-MacBook-Air.local" failures="0" tests="3" name="testCases.AmazonTest" time="8.288" errors="0" timestamp="2023-07-16T13:09:27 IST" skipped="0">
  <testcase classname="testCases.AmazonTest" name="pageTitleTest" time="1.183"/>
  <testcase classname="testCases.AmazonTest" name="logoTest" time="6.798"/>
  <testcase classname="testCases.AmazonTest" name="searchTest" time="0.307"/>
</testsuite> <!-- testCases.AmazonTest -->
