<?xml version="1.0" encoding="UTF-8"?>
<!-- Generated by org.testng.reporters.JUnitReportReporter -->
<testsuite hostname="madhubabus-MacBook-Air.local" failures="0" tests="2" name="testCases.GoogleTest" time="0.311" errors="0" timestamp="2023-07-16T13:09:27 IST" skipped="0">
  <testcase classname="testCases.GoogleTest" name="searchTest" time="0.197"/>
  <testcase classname="testCases.GoogleTest" name="pageTitleTest" time="0.114"/>
</testsuite> <!-- testCases.GoogleTest -->
