<?xml version="1.0" encoding="UTF-8"?>
<!-- Generated by org.testng.reporters.JUnitReportReporter -->
<testsuite hostname="madhubabus-MacBook-Air.local" failures="0" tests="2" name="testCases.OpenCartTest" time="0.166" errors="0" timestamp="2023-07-16T13:09:27 IST" skipped="0">
  <testcase classname="testCases.OpenCartTest" name="pageTitleTest" time="0.048"/>
  <testcase classname="testCases.OpenCartTest" name="searchTest" time="0.118"/>
</testsuite> <!-- testCases.OpenCartTest -->
